============================= test session starts =============================
platform win32 -- Python 3.14.0, pytest-9.1.0, pluggy-1.6.0 -- C:\Users\Вадим\lab_21-22_testing\venv\Scripts\python.exe
cachedir: .pytest_cache
metadata: {'Python': '3.14.0', 'Platform': 'Windows-11-10.0.26200-SP0', 'Packages': {'pytest': '9.1.0', 'pluggy': '1.6.0'}, 'Plugins': {'cov': '7.1.0', 'html': '4.2.0', 'metadata': '3.1.1', 'xdist': '3.8.0'}}
rootdir: C:\Users\Вадим\lab_21-22_testing
plugins: cov-7.1.0, html-4.2.0, metadata-3.1.1, xdist-3.8.0
collecting ... collected 78 items

tests/test_converter.py::TestStringToIntConverter::test_empty_string PASSED [  1%]
tests/test_converter.py::TestStringToIntConverter::test_invalid_characters PASSED [  2%]
tests/test_converter.py::TestStringToIntConverter::test_just_sign PASSED [  3%]
tests/test_converter.py::TestStringToIntConverter::test_non_string_input PASSED [  5%]
tests/test_converter.py::TestStringToIntConverter::test_only_spaces PASSED [  6%]
tests/test_converter.py::TestStringToIntConverter::test_valid_negative_numbers PASSED [  7%]
tests/test_converter.py::TestStringToIntConverter::test_valid_positive_numbers PASSED [  8%]
tests/test_converter.py::TestStringToIntConverter::test_valid_with_plus_sign PASSED [ 10%]
tests/test_converter.py::TestStringToIntConverter::test_with_whitespace PASSED [ 11%]
tests/test_converter_pytest.py::test_valid_conversions[123-123] PASSED   [ 12%]
tests/test_converter_pytest.py::test_valid_conversions[-123--123] PASSED [ 14%]
tests/test_converter_pytest.py::test_valid_conversions[+42-42] PASSED    [ 15%]
tests/test_converter_pytest.py::test_valid_conversions[0-0] PASSED       [ 16%]
tests/test_converter_pytest.py::test_valid_conversions[-0-0] PASSED      [ 17%]
tests/test_converter_pytest.py::test_valid_conversions[00042-42] PASSED  [ 19%]
tests/test_converter_pytest.py::test_valid_conversions[  -42  --42] PASSED [ 20%]
tests/test_converter_pytest.py::test_valid_conversions[  123  -123] PASSED [ 21%]
tests/test_converter_pytest.py::test_invalid_conversions[-\u041e\u0448\u0438\u0431\u043a\u0430: \u043f\u0443\u0441\u0442\u0430\u044f \u0441\u0442\u0440\u043e\u043a\u0430] PASSED [ 23%]
tests/test_converter_pytest.py::test_invalid_conversions[   -\u041e\u0448\u0438\u0431\u043a\u0430: \u0441\u0442\u0440\u043e\u043a\u0430 \u0441\u043e\u0441\u0442\u043e\u0438\u0442 \u0442\u043e\u043b\u044c\u043a\u043e \u0438\u0437 \u043f\u0440\u043e\u0431\u0435\u043b\u043e\u0432] PASSED [ 24%]
tests/test_converter_pytest.py::test_invalid_conversions[12a3-\u041e\u0448\u0438\u0431\u043a\u0430: \u043d\u0435\u0434\u043e\u043f\u0443\u0441\u0442\u0438\u043c\u044b\u0439 \u0441\u0438\u043c\u0432\u043e\u043b 'a'] PASSED [ 25%]
tests/test_converter_pytest.py::test_invalid_conversions[12.3-\u041e\u0448\u0438\u0431\u043a\u0430: \u043d\u0435\u0434\u043e\u043f\u0443\u0441\u0442\u0438\u043c\u044b\u0439 \u0441\u0438\u043c\u0432\u043e\u043b '.'] PASSED [ 26%]
tests/test_converter_pytest.py::test_invalid_conversions[--\u041e\u0448\u0438\u0431\u043a\u0430: \u043f\u043e\u0441\u043b\u0435 \u0437\u043d\u0430\u043a\u0430 \u043e\u0442\u0441\u0443\u0442\u0441\u0442\u0432\u0443\u044e\u0442 \u0446\u0438\u0444\u0440\u044b] PASSED [ 28%]
tests/test_converter_pytest.py::test_invalid_conversions[+-\u041e\u0448\u0438\u0431\u043a\u0430: \u043f\u043e\u0441\u043b\u0435 \u0437\u043d\u0430\u043a\u0430 \u043e\u0442\u0441\u0443\u0442\u0441\u0442\u0432\u0443\u044e\u0442 \u0446\u0438\u0444\u0440\u044b] PASSED [ 29%]
tests/test_converter_pytest.py::test_invalid_conversions[abc-\u041e\u0448\u0438\u0431\u043a\u0430: \u043d\u0435\u0434\u043e\u043f\u0443\u0441\u0442\u0438\u043c\u044b\u0439 \u0441\u0438\u043c\u0432\u043e\u043b 'a'] PASSED [ 30%]
tests/test_converter_pytest.py::test_non_string_input PASSED             [ 32%]
tests/test_leap_year.py::TestLeapYear::test_century_years PASSED         [ 33%]
tests/test_leap_year.py::TestLeapYear::test_common_years 
tests/test_leap_year.py::TestLeapYear::test_common_years PASSED          [ 34%]
tests/test_leap_year.py::TestLeapYear::test_invalid_years 
tests/test_leap_year.py::TestLeapYear::test_invalid_years PASSED         [ 35%]
tests/test_leap_year.py::TestLeapYear::test_leap_years 
tests/test_leap_year.py::TestLeapYear::test_leap_years PASSED            [ 37%]
tests/test_leap_year.py::TestLeapYear::test_non_integer_input PASSED     [ 38%]
tests/test_leap_year_pytest.py::test_leap_years PASSED                   [ 39%]
tests/test_leap_year_pytest.py::test_common_years PASSED                 [ 41%]
tests/test_leap_year_pytest.py::test_leap_year_parametrized[2000-True] PASSED [ 42%]
tests/test_leap_year_pytest.py::test_leap_year_parametrized[2001-False] PASSED [ 43%]
tests/test_leap_year_pytest.py::test_leap_year_parametrized[2004-True] PASSED [ 44%]
tests/test_leap_year_pytest.py::test_leap_year_parametrized[2100-False] PASSED [ 46%]
tests/test_leap_year_pytest.py::test_leap_year_parametrized[2400-True] PASSED [ 47%]
tests/test_leap_year_pytest.py::test_invalid_years[0] PASSED             [ 48%]
tests/test_leap_year_pytest.py::test_invalid_years[-1] PASSED            [ 50%]
tests/test_leap_year_pytest.py::test_invalid_years[-100] PASSED          [ 51%]
tests/test_leap_year_pytest.py::test_invalid_years[-2024] PASSED         [ 52%]
tests/test_leap_year_pytest.py::test_non_integer_input[2000] PASSED      [ 53%]
tests/test_leap_year_pytest.py::test_non_integer_input[2000.5] PASSED    [ 55%]
tests/test_leap_year_pytest.py::test_non_integer_input[None] PASSED      [ 56%]
tests/test_quadratic_pytest.py::test_quadratic_parametrized[1--5-6-tuple-expected0] PASSED [ 57%]
tests/test_quadratic_pytest.py::test_quadratic_parametrized[1-0--4-tuple-expected1] PASSED [ 58%]
tests/test_quadratic_pytest.py::test_quadratic_parametrized[1--4-4-tuple-expected2] PASSED [ 60%]
tests/test_quadratic_pytest.py::test_quadratic_parametrized[1-2-1-tuple-expected3] PASSED [ 61%]
tests/test_quadratic_pytest.py::test_quadratic_parametrized[1-0-1-str-\u041d\u0435\u0442 \u0434\u0435\u0439\u0441\u0442\u0432\u0438\u0442\u0435\u043b\u044c\u043d\u044b\u0445 \u043a\u043e\u0440\u043d\u0435\u0439] PASSED [ 62%]
tests/test_quadratic_pytest.py::test_quadratic_parametrized[0-2--4-tuple-expected5] PASSED [ 64%]
tests/test_quadratic_pytest.py::test_quadratic_parametrized[0-0-0-str-\u0411\u0435\u0441\u043a\u043e\u043d\u0435\u0447\u043d\u043e\u0435 \u043c\u043d\u043e\u0436\u0435\u0441\u0442\u0432\u043e \u0440\u0435\u0448\u0435\u043d\u0438\u0439] PASSED [ 65%]
tests/test_quadratic_unittest.py::TestQuadraticSolver::test_identity_equation PASSED [ 66%]
tests/test_quadratic_unittest.py::TestQuadraticSolver::test_linear_equation PASSED [ 67%]
tests/test_quadratic_unittest.py::TestQuadraticSolver::test_no_roots PASSED [ 69%]
tests/test_quadratic_unittest.py::TestQuadraticSolver::test_one_root PASSED [ 70%]
tests/test_quadratic_unittest.py::TestQuadraticSolver::test_two_roots PASSED [ 71%]
tests/test_sorter.py::TestSortDescending::test_already_sorted PASSED     [ 73%]
tests/test_sorter.py::TestSortDescending::test_duplicates PASSED         [ 74%]
tests/test_sorter.py::TestSortDescending::test_empty_list PASSED         [ 75%]
tests/test_sorter.py::TestSortDescending::test_invalid_input PASSED      [ 76%]
tests/test_sorter.py::TestSortDescending::test_mixed_types PASSED        [ 78%]
tests/test_sorter.py::TestSortDescending::test_single_element PASSED     [ 79%]
tests/test_sorter.py::TestSortDescending::test_sort_floats PASSED        [ 80%]
tests/test_sorter.py::TestSortDescending::test_sort_integers PASSED      [ 82%]
tests/test_sorter.py::TestSortDescending::test_sort_negative_numbers PASSED [ 83%]
tests/test_sorter_pytest.py::test_sort_descending_parametrized[input_list0-expected0] PASSED [ 84%]
tests/test_sorter_pytest.py::test_sort_descending_parametrized[input_list1-expected1] PASSED [ 85%]
tests/test_sorter_pytest.py::test_sort_descending_parametrized[input_list2-expected2] PASSED [ 87%]
tests/test_sorter_pytest.py::test_sort_descending_parametrized[input_list3-expected3] PASSED [ 88%]
tests/test_sorter_pytest.py::test_sort_descending_parametrized[input_list4-expected4] PASSED [ 89%]
tests/test_sorter_pytest.py::test_is_sorted_descending[input_list0-True] PASSED [ 91%]
tests/test_sorter_pytest.py::test_is_sorted_descending[input_list1-True] PASSED [ 92%]
tests/test_sorter_pytest.py::test_is_sorted_descending[input_list2-True] PASSED [ 93%]
tests/test_sorter_pytest.py::test_is_sorted_descending[input_list3-True] PASSED [ 94%]
tests/test_sorter_pytest.py::test_is_sorted_descending[input_list4-False] PASSED [ 96%]
tests/test_sorter_pytest.py::test_is_sorted_descending[input_list5-False] PASSED [ 97%]
tests/test_sorter_pytest.py::test_original_list_unchanged PASSED         [ 98%]
tests/test_sorter_pytest.py::test_invalid_input PASSED                   [100%]

=================== 78 passed, 19 subtests passed in 0.09s ====================
